<?xml version="1.0" encoding="UTF-8"?>
<!-- Generated by org.testng.reporters.JUnitReportReporter -->
<testsuite hostname="Rohans-MacBook-Pro.local" failures="0" tests="1" name="runners.LoginTestNGTestRunner" time="27.574" errors="0" timestamp="2024-02-06T20:09:49 GMT" skipped="0">
  <testcase classname="runners.LoginTestNGTestRunner" name="runScenario" time="27.574"/>
  <system-out/>
</testsuite> <!-- runners.LoginTestNGTestRunner -->
